<?xml version="1.0" encoding="UTF-8"?>
<testsuites name="TS_SAMTestSuite" time="110" tests="0" failures="1" errors="0">
   <testsuite name="TS_SAMTestSuite" tests="0" failures="1" errors="0" time="110" timestamp="2019-08-18 12:46:35" hostname="sony - Liku" id="Test Suites/TS_SAMTestSuite">
      <properties>
         <property name="deviceName" value=""/>
         <property name="devicePlatform" value=""/>
         <property name="logFolder" value="C:\\Users\\sony\\Desktop\\Freelancer\\Katalon Project\\SAM_UIAutomation\\Reports\\TS_SAMTestSuite\\20190818_124632"/>
         <property name="logFiles" value="C:\\Users\\sony\\Desktop\\Freelancer\\Katalon Project\\SAM_UIAutomation\\Reports\\TS_SAMTestSuite\\20190818_124632\\execution0.log"/>
         <property name="attachments" value="C:\\Users\\sony\\Desktop\\Freelancer\\Katalon Project\\SAM_UIAutomation\\Reports\\TS_SAMTestSuite\\20190818_124632\\1566112705211.png"/>
         <property name="hostName" value="sony - Liku"/>
         <property name="os" value="Windows 7 64bit"/>
         <property name="katalonVersion" value="6.1.3.3"/>
         <property name="browser" value="Chrome 75.0.3770.80"/>
         <property name="hostAddress" value="169.254.148.186"/>
         <property name="sessionId" value="02d67799d424a32c9e99417a194f5fbd"/>
         <property name="seleniumVersion" value="3.7.1"/>
         <property name="proxyInformation" value="ProxyInformation{proxyOption=NO_PROXY, proxyServerType=HTTP, password=, proxyServerAddress=, proxyServerPort=0}"/>
         <property name="platform" value="Windows 7"/>
      </properties>
      <testcase name="Test Cases/SAM_TestCase/TC_EventCreate" classname="Test Cases/SAM_TestCase/TC_EventCreate" status="FAILED">
         <failure type="FAILED" message="Test Cases/SAM_TestCase/TC_EventCreate FAILED.
Reason:
com.kms.katalon.core.exception.StepFailedException: Unable to set text '22-Aug-2019 09:37' of object 'Object Repository/SAMEventCreate/EventDetails/txtSearchGoogleMap'
	at com.kms.katalon.core.webui.keyword.internal.WebUIKeywordMain.stepFailed(WebUIKeywordMain.groovy:64)
	at com.kms.katalon.core.webui.keyword.internal.WebUIKeywordMain.runKeyword(WebUIKeywordMain.groovy:26)
	at com.kms.katalon.core.webui.keyword.builtin.SetTextKeyword.setText(SetTextKeyword.groovy:66)
	at com.kms.katalon.core.webui.keyword.builtin.SetTextKeyword.execute(SetTextKeyword.groovy:37)
	at com.kms.katalon.core.keyword.internal.KeywordExecutor.executeKeywordForPlatform(KeywordExecutor.groovy:56)
	at com.kms.katalon.core.webui.keyword.WebUiBuiltInKeywords.setText(WebUiBuiltInKeywords.groovy:950)
	at com.kms.katalon.core.webui.keyword.WebUiBuiltInKeywords$setText$3.call(Unknown Source)
	at eventCreate.eventCommon.addEventDetails(eventCommon.groovy:69)
	at eventCreate.eventCommon.invokeMethod(eventCommon.groovy)
	at com.kms.katalon.core.main.CustomKeywordDelegatingMetaClass.invokeStaticMethod(CustomKeywordDelegatingMetaClass.java:49)
	at TC_EventCreate.run(TC_EventCreate:22)
	at com.kms.katalon.core.main.ScriptEngine.run(ScriptEngine.java:194)
	at com.kms.katalon.core.main.ScriptEngine.runScriptAsRawText(ScriptEngine.java:119)
	at com.kms.katalon.core.main.TestCaseExecutor.runScript(TestCaseExecutor.java:336)
	at com.kms.katalon.core.main.TestCaseExecutor.doExecute(TestCaseExecutor.java:327)
	at com.kms.katalon.core.main.TestCaseExecutor.processExecutionPhase(TestCaseExecutor.java:306)
	at com.kms.katalon.core.main.TestCaseExecutor.accessMainPhase(TestCaseExecutor.java:298)
	at com.kms.katalon.core.main.TestCaseExecutor.execute(TestCaseExecutor.java:232)
	at com.kms.katalon.core.main.TestSuiteExecutor.accessTestCaseMainPhase(TestSuiteExecutor.java:129)
	at com.kms.katalon.core.main.TestSuiteExecutor.accessTestSuiteMainPhase(TestSuiteExecutor.java:112)
	at com.kms.katalon.core.main.TestSuiteExecutor.execute(TestSuiteExecutor.java:81)
	at com.kms.katalon.core.main.TestCaseMain.startTestSuite(TestCaseMain.java:157)
	at com.kms.katalon.core.main.TestCaseMain$startTestSuite$0.call(Unknown Source)
	at TempTestSuite1566112592040.run(TempTestSuite1566112592040.groovy:35)
Caused by: com.kms.katalon.core.webui.exception.WebElementNotFoundException: Web element with id: 'Object Repository/SAMEventCreate/EventDetails/txtSearchGoogleMap' located by 'By.xpath: //input[@id='SearchGoogleMaps:']' not found
	at com.kms.katalon.core.webui.common.WebUiCommonHelper.findWebElement(WebUiCommonHelper.java:1097)
	at com.kms.katalon.core.webui.keyword.internal.WebUIAbstractKeyword.findWebElement(WebUIAbstractKeyword.groovy:27)
	at com.kms.katalon.core.webui.keyword.internal.WebUIAbstractKeyword.findWebElement(WebUIAbstractKeyword.groovy:26)
	at com.kms.katalon.core.webui.keyword.builtin.SetTextKeyword$_setText_closure1.doCall(SetTextKeyword.groovy:51)
	at com.kms.katalon.core.webui.keyword.builtin.SetTextKeyword$_setText_closure1.call(SetTextKeyword.groovy)
	at com.kms.katalon.core.webui.keyword.internal.WebUIKeywordMain.runKeyword(WebUIKeywordMain.groovy:20)
	at com.kms.katalon.core.webui.keyword.builtin.SetTextKeyword.setText(SetTextKeyword.groovy:66)
	at com.kms.katalon.core.webui.keyword.builtin.SetTextKeyword.execute(SetTextKeyword.groovy:37)
	at com.kms.katalon.core.keyword.internal.KeywordExecutor.executeKeywordForPlatform(KeywordExecutor.groovy:56)
	at com.kms.katalon.core.webui.keyword.WebUiBuiltInKeywords.setText(WebUiBuiltInKeywords.groovy:950)
	at com.kms.katalon.core.webui.keyword.WebUiBuiltInKeywords$setText$3.call(Unknown Source)
	at eventCreate.eventCommon.addEventDetails(eventCommon.groovy:69)
	at eventCreate.eventCommon.invokeMethod(eventCommon.groovy)
	at com.kms.katalon.core.main.CustomKeywordDelegatingMetaClass.invokeStaticMethod(CustomKeywordDelegatingMetaClass.java:49)
	at Script1566026788738.run(Script1566026788738.groovy:22)
	... 13 more
"/>
         <system-out><![CDATA[2019-08-18 12:46:36 - [TEST_CASE][FAILED] - Test Cases/SAM_TestCase/TC_EventCreate: Test Cases/SAM_TestCase/TC_EventCreate FAILED.
Reason:
com.kms.katalon.core.exception.StepFailedException: Unable to set text '22-Aug-2019 09:37' of object 'Object Repository/SAMEventCreate/EventDetails/txtSearchGoogleMap'
	at com.kms.katalon.core.webui.keyword.internal.WebUIKeywordMain.stepFailed(WebUIKeywordMain.groovy:64)
	at com.kms.katalon.core.webui.keyword.internal.WebUIKeywordMain.runKeyword(WebUIKeywordMain.groovy:26)
	at com.kms.katalon.core.webui.keyword.builtin.SetTextKeyword.setText(SetTextKeyword.groovy:66)
	at com.kms.katalon.core.webui.keyword.builtin.SetTextKeyword.execute(SetTextKeyword.groovy:37)
	at com.kms.katalon.core.keyword.internal.KeywordExecutor.executeKeywordForPlatform(KeywordExecutor.groovy:56)
	at com.kms.katalon.core.webui.keyword.WebUiBuiltInKeywords.setText(WebUiBuiltInKeywords.groovy:950)
	at com.kms.katalon.core.webui.keyword.WebUiBuiltInKeywords$setText$3.call(Unknown Source)
	at eventCreate.eventCommon.addEventDetails(eventCommon.groovy:69)
	at eventCreate.eventCommon.invokeMethod(eventCommon.groovy)
	at com.kms.katalon.core.main.CustomKeywordDelegatingMetaClass.invokeStaticMethod(CustomKeywordDelegatingMetaClass.java:49)
	at TC_EventCreate.run(TC_EventCreate:22)
	at com.kms.katalon.core.main.ScriptEngine.run(ScriptEngine.java:194)
	at com.kms.katalon.core.main.ScriptEngine.runScriptAsRawText(ScriptEngine.java:119)
	at com.kms.katalon.core.main.TestCaseExecutor.runScript(TestCaseExecutor.java:336)
	at com.kms.katalon.core.main.TestCaseExecutor.doExecute(TestCaseExecutor.java:327)
	at com.kms.katalon.core.main.TestCaseExecutor.processExecutionPhase(TestCaseExecutor.java:306)
	at com.kms.katalon.core.main.TestCaseExecutor.accessMainPhase(TestCaseExecutor.java:298)
	at com.kms.katalon.core.main.TestCaseExecutor.execute(TestCaseExecutor.java:232)
	at com.kms.katalon.core.main.TestSuiteExecutor.accessTestCaseMainPhase(TestSuiteExecutor.java:129)
	at com.kms.katalon.core.main.TestSuiteExecutor.accessTestSuiteMainPhase(TestSuiteExecutor.java:112)
	at com.kms.katalon.core.main.TestSuiteExecutor.execute(TestSuiteExecutor.java:81)
	at com.kms.katalon.core.main.TestCaseMain.startTestSuite(TestCaseMain.java:157)
	at com.kms.katalon.core.main.TestCaseMain$startTestSuite$0.call(Unknown Source)
	at TempTestSuite1566112592040.run(TempTestSuite1566112592040.groovy:35)
Caused by: com.kms.katalon.core.webui.exception.WebElementNotFoundException: Web element with id: 'Object Repository/SAMEventCreate/EventDetails/txtSearchGoogleMap' located by 'By.xpath: //input[@id='SearchGoogleMaps:']' not found
	at com.kms.katalon.core.webui.common.WebUiCommonHelper.findWebElement(WebUiCommonHelper.java:1097)
	at com.kms.katalon.core.webui.keyword.internal.WebUIAbstractKeyword.findWebElement(WebUIAbstractKeyword.groovy:27)
	at com.kms.katalon.core.webui.keyword.internal.WebUIAbstractKeyword.findWebElement(WebUIAbstractKeyword.groovy:26)
	at com.kms.katalon.core.webui.keyword.builtin.SetTextKeyword$_setText_closure1.doCall(SetTextKeyword.groovy:51)
	at com.kms.katalon.core.webui.keyword.builtin.SetTextKeyword$_setText_closure1.call(SetTextKeyword.groovy)
	at com.kms.katalon.core.webui.keyword.internal.WebUIKeywordMain.runKeyword(WebUIKeywordMain.groovy:20)
	at com.kms.katalon.core.webui.keyword.builtin.SetTextKeyword.setText(SetTextKeyword.groovy:66)
	at com.kms.katalon.core.webui.keyword.builtin.SetTextKeyword.execute(SetTextKeyword.groovy:37)
	at com.kms.katalon.core.keyword.internal.KeywordExecutor.executeKeywordForPlatform(KeywordExecutor.groovy:56)
	at com.kms.katalon.core.webui.keyword.WebUiBuiltInKeywords.setText(WebUiBuiltInKeywords.groovy:950)
	at com.kms.katalon.core.webui.keyword.WebUiBuiltInKeywords$setText$3.call(Unknown Source)
	at eventCreate.eventCommon.addEventDetails(eventCommon.groovy:69)
	at eventCreate.eventCommon.invokeMethod(eventCommon.groovy)
	at com.kms.katalon.core.main.CustomKeywordDelegatingMetaClass.invokeStaticMethod(CustomKeywordDelegatingMetaClass.java:49)
	at Script1566026788738.run(Script1566026788738.groovy:22)
	... 13 more


2019-08-18 12:46:37 - [TEST_STEP][PASSED] - common.CommonLibrary.navigateToURL(): common.CommonLibrary.navigateToURL is PASSED

2019-08-18 12:46:39 - [MESSAGE][INFO] - Starting 'Chrome' driver

2019-08-18 12:46:39 - [MESSAGE][INFO] - Action delay is set to 0 seconds

2019-08-18 12:47:07 - [MESSAGE][PASSED] - Browser is opened with url: 'https://test-sam.interact.technology/app/login'

2019-08-18 12:47:08 - [MESSAGE][PASSED] - Current window maximized

2019-08-18 12:47:13 - [MESSAGE][PASSED] - Delayed 5 second(s)

2019-08-18 12:47:13 - [MESSAGE][PASSED] - common.CommonLibrary.navigateToURL is PASSED

2019-08-18 12:47:13 - [TEST_STEP][PASSED] - common.CommonLibrary.loginSAM(Email, Password): common.CommonLibrary.loginSAM is PASSED

2019-08-18 12:47:13 - [MESSAGE][PASSED] - Object 'Object Repository/SAM_Login/btnCookies' is present

2019-08-18 12:47:14 - [MESSAGE][PASSED] - Object: 'Object Repository/SAM_Login/btnCookies' is clicked on

2019-08-18 12:47:14 - [MESSAGE][PASSED] - Text 'roopa@interact.technology' is set on object 'Object Repository/SAM_Login/txtUserName'

2019-08-18 12:47:14 - [MESSAGE][PASSED] - Object: 'Object Repository/SAM_Login/btnNext' is clicked on

2019-08-18 12:47:15 - [MESSAGE][PASSED] - Text 'Password1' is set on object 'Object Repository/SAM_Login/txtPassword'

2019-08-18 12:47:15 - [MESSAGE][PASSED] - Object: 'Object Repository/SAM_Login/btnLogin' is clicked on

2019-08-18 12:47:18 - [MESSAGE][PASSED] - Delayed 3 second(s)

2019-08-18 12:47:18 - [MESSAGE][PASSED] - common.CommonLibrary.loginSAM is PASSED

2019-08-18 12:47:18 - [TEST_STEP][PASSED] - eventCreate.eventCommon.selectCompany(Company): eventCreate.eventCommon.selectCompany is PASSED

2019-08-18 12:47:23 - [MESSAGE][PASSED] - Delayed 5 second(s)

2019-08-18 12:47:23 - [MESSAGE][PASSED] - Object: 'Object Repository/SAMEventCreate/SuperUserCompany/linkSuperUser' is clicked on

2019-08-18 12:47:23 - [MESSAGE][PASSED] - Text 'Archanas' is set on object 'Object Repository/SAMEventCreate/SuperUserCompany/txtSearchCompany'

2019-08-18 12:47:24 - [MESSAGE][PASSED] - Delayed 1 second(s)

2019-08-18 12:47:25 - [MESSAGE][PASSED] - Keys 'ENTER + ' sent to object: 'Object Repository/SAMEventCreate/SuperUserCompany/txtSearchCompany'

2019-08-18 12:47:26 - [MESSAGE][PASSED] - Delayed 1 second(s)

2019-08-18 12:47:26 - [MESSAGE][PASSED] - Object: 'Object Repository/SAMEventCreate/SuperUserCompany/btnCompanyRow' is clicked on

2019-08-18 12:47:28 - [MESSAGE][PASSED] - Delayed 2 second(s)

2019-08-18 12:47:28 - [MESSAGE][PASSED] - Object: 'Object Repository/SAMEventCreate/SuperUserCompany/btnMyInteract' is clicked on

2019-08-18 12:47:31 - [MESSAGE][PASSED] - Delayed 3 second(s)

2019-08-18 12:47:31 - [MESSAGE][PASSED] - Object: 'Object Repository/SAMEventCreate/SuperUserCompany/btnMyEvent' is clicked on

2019-08-18 12:47:33 - [MESSAGE][PASSED] - Delayed 2 second(s)

2019-08-18 12:47:33 - [MESSAGE][PASSED] - Object: 'Object Repository/SAMEventCreate/SuperUserCompany/btnAddEvent' is clicked on

2019-08-18 12:47:35 - [MESSAGE][PASSED] - Delayed 2 second(s)

2019-08-18 12:47:35 - [MESSAGE][PASSED] - Object: 'Object Repository/SAMEventCreate/SuperUserCompany/btnEventDetailsTab' is clicked on

2019-08-18 12:47:35 - [MESSAGE][PASSED] - eventCreate.eventCommon.selectCompany is PASSED

2019-08-18 12:47:35 - [TEST_STEP][FAILED] - eventCreate.eventCommon.addEventDetails(EventName, EventType, EventDetails, Address, StartDate, EndDate, Timezone): Unable to set text '22-Aug-2019 09:37' of object 'Object Repository/SAMEventCreate/EventDetails/txtSearchGoogleMap'

2019-08-18 12:47:38 - [MESSAGE][PASSED] - Delayed 3 second(s)

2019-08-18 12:47:38 - [MESSAGE][PASSED] - Text 'Test Event' is set on object 'Object Repository/SAMEventCreate/EventDetails/txtEventName'

2019-08-18 12:47:39 - [MESSAGE][PASSED] - Delayed 1 second(s)

2019-08-18 12:47:40 - [MESSAGE][PASSED] - Object: 'Object Repository/SAMEventCreate/EventDetails/btnEventType' is clicked on

2019-08-18 12:47:42 - [MESSAGE][PASSED] - Delayed 2 second(s)

2019-08-18 12:47:42 - [MESSAGE][PASSED] - Object: 'Object Repository/SAMEventCreate/EventDetails/selectEventType' is clicked on

2019-08-18 12:47:43 - [MESSAGE][PASSED] - Delayed 1 second(s)

2019-08-18 12:47:43 - [MESSAGE][PASSED] - Text 'Test Event Details' is set on object 'Object Repository/SAMEventCreate/EventDetails/txtEventDetails'

2019-08-18 12:47:44 - [MESSAGE][PASSED] - Delayed 1 second(s)

2019-08-18 12:47:44 - [MESSAGE][PASSED] - Object: 'Object Repository/SAMEventCreate/EventDetails/imgSetLocation' is clicked on

2019-08-18 12:47:46 - [MESSAGE][PASSED] - Delayed 2 second(s)

2019-08-18 12:47:47 - [MESSAGE][PASSED] - Text '50 Pitt St, Sydney NSW 2000, Australia' is set on object 'Object Repository/SAMEventCreate/EventDetails/txtSearchGoogleMap'

2019-08-18 12:47:48 - [MESSAGE][PASSED] - Delayed 1 second(s)

2019-08-18 12:47:48 - [MESSAGE][PASSED] - Object: 'Object Repository/SAMEventCreate/EventDetails/btnGoogleSearch' is clicked on

2019-08-18 12:47:50 - [MESSAGE][PASSED] - Delayed 2 second(s)

2019-08-18 12:47:50 - [MESSAGE][PASSED] - Object: 'Object Repository/SAMEventCreate/EventDetails/selectGoogleSearchedLocation' is clicked on

2019-08-18 12:47:51 - [MESSAGE][PASSED] - Delayed 1 second(s)

2019-08-18 12:47:51 - [MESSAGE][PASSED] - Object: 'Object Repository/SAMEventCreate/EventDetails/btnLocationOkButton' is clicked on

2019-08-18 12:47:52 - [MESSAGE][PASSED] - Delayed 1 second(s)

2019-08-18 12:47:53 - [MESSAGE][PASSED] - Object: 'Object Repository/SAMEventCreate/EventDetails/btnLocationSave' is clicked on

2019-08-18 12:47:53 - [MESSAGE][PASSED] - Text '8-Aug-2019  9:36:00 AM' is set on object 'Object Repository/SAMEventCreate/EventDetails/txtSearchGoogleMap'

2019-08-18 12:47:54 - [MESSAGE][PASSED] - Delayed 1 second(s)

2019-08-18 12:48:25 - [MESSAGE][INFO] - Unable to find the element located by 'By.xpath: //input[@id='SearchGoogleMaps:']'. Please recheck the objects properties to make sure the desired element is located. 

2019-08-18 12:48:25 - [MESSAGE][FAILED] - Unable to set text '22-Aug-2019 09:37' of object 'Object Repository/SAMEventCreate/EventDetails/txtSearchGoogleMap' (Root cause: com.kms.katalon.core.exception.StepFailedException: Unable to set text '22-Aug-2019 09:37' of object 'Object Repository/SAMEventCreate/EventDetails/txtSearchGoogleMap'
	at com.kms.katalon.core.webui.keyword.internal.WebUIKeywordMain.stepFailed(WebUIKeywordMain.groovy:64)
	at com.kms.katalon.core.webui.keyword.internal.WebUIKeywordMain.runKeyword(WebUIKeywordMain.groovy:26)
	at com.kms.katalon.core.webui.keyword.builtin.SetTextKeyword.setText(SetTextKeyword.groovy:66)
	at com.kms.katalon.core.webui.keyword.builtin.SetTextKeyword.execute(SetTextKeyword.groovy:37)
	at com.kms.katalon.core.keyword.internal.KeywordExecutor.executeKeywordForPlatform(KeywordExecutor.groovy:56)
	at com.kms.katalon.core.webui.keyword.WebUiBuiltInKeywords.setText(WebUiBuiltInKeywords.groovy:950)
	at com.kms.katalon.core.webui.keyword.WebUiBuiltInKeywords$setText$3.call(Unknown Source)
	at eventCreate.eventCommon.addEventDetails(eventCommon.groovy:69)
	at eventCreate.eventCommon.invokeMethod(eventCommon.groovy)
	at com.kms.katalon.core.main.CustomKeywordDelegatingMetaClass.invokeStaticMethod(CustomKeywordDelegatingMetaClass.java:49)
	at TC_EventCreate.run(TC_EventCreate:22)
	at com.kms.katalon.core.main.ScriptEngine.run(ScriptEngine.java:194)
	at com.kms.katalon.core.main.ScriptEngine.runScriptAsRawText(ScriptEngine.java:119)
	at com.kms.katalon.core.main.TestCaseExecutor.runScript(TestCaseExecutor.java:336)
	at com.kms.katalon.core.main.TestCaseExecutor.doExecute(TestCaseExecutor.java:327)
	at com.kms.katalon.core.main.TestCaseExecutor.processExecutionPhase(TestCaseExecutor.java:306)
	at com.kms.katalon.core.main.TestCaseExecutor.accessMainPhase(TestCaseExecutor.java:298)
	at com.kms.katalon.core.main.TestCaseExecutor.execute(TestCaseExecutor.java:232)
	at com.kms.katalon.core.main.TestSuiteExecutor.accessTestCaseMainPhase(TestSuiteExecutor.java:129)
	at com.kms.katalon.core.main.TestSuiteExecutor.accessTestSuiteMainPhase(TestSuiteExecutor.java:112)
	at com.kms.katalon.core.main.TestSuiteExecutor.execute(TestSuiteExecutor.java:81)
	at com.kms.katalon.core.main.TestCaseMain.startTestSuite(TestCaseMain.java:157)
	at com.kms.katalon.core.main.TestCaseMain$startTestSuite$0.call(Unknown Source)
	at TempTestSuite1566112592040.run(TempTestSuite1566112592040.groovy:35)
Caused by: com.kms.katalon.core.webui.exception.WebElementNotFoundException: Web element with id: 'Object Repository/SAMEventCreate/EventDetails/txtSearchGoogleMap' located by 'By.xpath: //input[@id='SearchGoogleMaps:']' not found
	at com.kms.katalon.core.webui.common.WebUiCommonHelper.findWebElement(WebUiCommonHelper.java:1097)
	at com.kms.katalon.core.webui.keyword.internal.WebUIAbstractKeyword.findWebElement(WebUIAbstractKeyword.groovy:27)
	at com.kms.katalon.core.webui.keyword.internal.WebUIAbstractKeyword.findWebElement(WebUIAbstractKeyword.groovy:26)
	at com.kms.katalon.core.webui.keyword.builtin.SetTextKeyword$_setText_closure1.doCall(SetTextKeyword.groovy:51)
	at com.kms.katalon.core.webui.keyword.builtin.SetTextKeyword$_setText_closure1.call(SetTextKeyword.groovy)
	at com.kms.katalon.core.webui.keyword.internal.WebUIKeywordMain.runKeyword(WebUIKeywordMain.groovy:20)
	at com.kms.katalon.core.webui.keyword.builtin.SetTextKeyword.setText(SetTextKeyword.groovy:66)
	at com.kms.katalon.core.webui.keyword.builtin.SetTextKeyword.execute(SetTextKeyword.groovy:37)
	at com.kms.katalon.core.keyword.internal.KeywordExecutor.executeKeywordForPlatform(KeywordExecutor.groovy:56)
	at com.kms.katalon.core.webui.keyword.WebUiBuiltInKeywords.setText(WebUiBuiltInKeywords.groovy:950)
	at com.kms.katalon.core.webui.keyword.WebUiBuiltInKeywords$setText$3.call(Unknown Source)
	at eventCreate.eventCommon.addEventDetails(eventCommon.groovy:69)
	at eventCreate.eventCommon.invokeMethod(eventCommon.groovy)
	at com.kms.katalon.core.main.CustomKeywordDelegatingMetaClass.invokeStaticMethod(CustomKeywordDelegatingMetaClass.java:49)
	at Script1566026788738.run(Script1566026788738.groovy:22)
	... 13 more
)
[[ATTACHMENT|C:\\Users\\sony\\Desktop\\Freelancer\\Katalon Project\\SAM_UIAutomation\\Reports\\TS_SAMTestSuite\\20190818_124632\\1566112705211.png]]

2019-08-18 12:48:25 - [MESSAGE][FAILED] - Unable to set text '22-Aug-2019 09:37' of object 'Object Repository/SAMEventCreate/EventDetails/txtSearchGoogleMap']]></system-out>
         <system-err><![CDATA[2019-08-18 12:46:36 - [TEST_CASE][FAILED] - Test Cases/SAM_TestCase/TC_EventCreate: Test Cases/SAM_TestCase/TC_EventCreate FAILED.
Reason:
com.kms.katalon.core.exception.StepFailedException: Unable to set text '22-Aug-2019 09:37' of object 'Object Repository/SAMEventCreate/EventDetails/txtSearchGoogleMap'
	at com.kms.katalon.core.webui.keyword.internal.WebUIKeywordMain.stepFailed(WebUIKeywordMain.groovy:64)
	at com.kms.katalon.core.webui.keyword.internal.WebUIKeywordMain.runKeyword(WebUIKeywordMain.groovy:26)
	at com.kms.katalon.core.webui.keyword.builtin.SetTextKeyword.setText(SetTextKeyword.groovy:66)
	at com.kms.katalon.core.webui.keyword.builtin.SetTextKeyword.execute(SetTextKeyword.groovy:37)
	at com.kms.katalon.core.keyword.internal.KeywordExecutor.executeKeywordForPlatform(KeywordExecutor.groovy:56)
	at com.kms.katalon.core.webui.keyword.WebUiBuiltInKeywords.setText(WebUiBuiltInKeywords.groovy:950)
	at com.kms.katalon.core.webui.keyword.WebUiBuiltInKeywords$setText$3.call(Unknown Source)
	at eventCreate.eventCommon.addEventDetails(eventCommon.groovy:69)
	at eventCreate.eventCommon.invokeMethod(eventCommon.groovy)
	at com.kms.katalon.core.main.CustomKeywordDelegatingMetaClass.invokeStaticMethod(CustomKeywordDelegatingMetaClass.java:49)
	at TC_EventCreate.run(TC_EventCreate:22)
	at com.kms.katalon.core.main.ScriptEngine.run(ScriptEngine.java:194)
	at com.kms.katalon.core.main.ScriptEngine.runScriptAsRawText(ScriptEngine.java:119)
	at com.kms.katalon.core.main.TestCaseExecutor.runScript(TestCaseExecutor.java:336)
	at com.kms.katalon.core.main.TestCaseExecutor.doExecute(TestCaseExecutor.java:327)
	at com.kms.katalon.core.main.TestCaseExecutor.processExecutionPhase(TestCaseExecutor.java:306)
	at com.kms.katalon.core.main.TestCaseExecutor.accessMainPhase(TestCaseExecutor.java:298)
	at com.kms.katalon.core.main.TestCaseExecutor.execute(TestCaseExecutor.java:232)
	at com.kms.katalon.core.main.TestSuiteExecutor.accessTestCaseMainPhase(TestSuiteExecutor.java:129)
	at com.kms.katalon.core.main.TestSuiteExecutor.accessTestSuiteMainPhase(TestSuiteExecutor.java:112)
	at com.kms.katalon.core.main.TestSuiteExecutor.execute(TestSuiteExecutor.java:81)
	at com.kms.katalon.core.main.TestCaseMain.startTestSuite(TestCaseMain.java:157)
	at com.kms.katalon.core.main.TestCaseMain$startTestSuite$0.call(Unknown Source)
	at TempTestSuite1566112592040.run(TempTestSuite1566112592040.groovy:35)
Caused by: com.kms.katalon.core.webui.exception.WebElementNotFoundException: Web element with id: 'Object Repository/SAMEventCreate/EventDetails/txtSearchGoogleMap' located by 'By.xpath: //input[@id='SearchGoogleMaps:']' not found
	at com.kms.katalon.core.webui.common.WebUiCommonHelper.findWebElement(WebUiCommonHelper.java:1097)
	at com.kms.katalon.core.webui.keyword.internal.WebUIAbstractKeyword.findWebElement(WebUIAbstractKeyword.groovy:27)
	at com.kms.katalon.core.webui.keyword.internal.WebUIAbstractKeyword.findWebElement(WebUIAbstractKeyword.groovy:26)
	at com.kms.katalon.core.webui.keyword.builtin.SetTextKeyword$_setText_closure1.doCall(SetTextKeyword.groovy:51)
	at com.kms.katalon.core.webui.keyword.builtin.SetTextKeyword$_setText_closure1.call(SetTextKeyword.groovy)
	at com.kms.katalon.core.webui.keyword.internal.WebUIKeywordMain.runKeyword(WebUIKeywordMain.groovy:20)
	at com.kms.katalon.core.webui.keyword.builtin.SetTextKeyword.setText(SetTextKeyword.groovy:66)
	at com.kms.katalon.core.webui.keyword.builtin.SetTextKeyword.execute(SetTextKeyword.groovy:37)
	at com.kms.katalon.core.keyword.internal.KeywordExecutor.executeKeywordForPlatform(KeywordExecutor.groovy:56)
	at com.kms.katalon.core.webui.keyword.WebUiBuiltInKeywords.setText(WebUiBuiltInKeywords.groovy:950)
	at com.kms.katalon.core.webui.keyword.WebUiBuiltInKeywords$setText$3.call(Unknown Source)
	at eventCreate.eventCommon.addEventDetails(eventCommon.groovy:69)
	at eventCreate.eventCommon.invokeMethod(eventCommon.groovy)
	at com.kms.katalon.core.main.CustomKeywordDelegatingMetaClass.invokeStaticMethod(CustomKeywordDelegatingMetaClass.java:49)
	at Script1566026788738.run(Script1566026788738.groovy:22)
	... 13 more]]></system-err>
      </testcase>
      <system-out><![CDATA[2019-08-18 12:46:35 - [TEST_SUITE][FAILED] - TS_SAMTestSuite: Test Cases/SAM_TestCase/TC_EventCreate FAILED.
Reason:
com.kms.katalon.core.exception.StepFailedException: Unable to set text '22-Aug-2019 09:37' of object 'Object Repository/SAMEventCreate/EventDetails/txtSearchGoogleMap'
	at com.kms.katalon.core.webui.keyword.internal.WebUIKeywordMain.stepFailed(WebUIKeywordMain.groovy:64)
	at com.kms.katalon.core.webui.keyword.internal.WebUIKeywordMain.runKeyword(WebUIKeywordMain.groovy:26)
	at com.kms.katalon.core.webui.keyword.builtin.SetTextKeyword.setText(SetTextKeyword.groovy:66)
	at com.kms.katalon.core.webui.keyword.builtin.SetTextKeyword.execute(SetTextKeyword.groovy:37)
	at com.kms.katalon.core.keyword.internal.KeywordExecutor.executeKeywordForPlatform(KeywordExecutor.groovy:56)
	at com.kms.katalon.core.webui.keyword.WebUiBuiltInKeywords.setText(WebUiBuiltInKeywords.groovy:950)
	at com.kms.katalon.core.webui.keyword.WebUiBuiltInKeywords$setText$3.call(Unknown Source)
	at eventCreate.eventCommon.addEventDetails(eventCommon.groovy:69)
	at eventCreate.eventCommon.invokeMethod(eventCommon.groovy)
	at com.kms.katalon.core.main.CustomKeywordDelegatingMetaClass.invokeStaticMethod(CustomKeywordDelegatingMetaClass.java:49)
	at TC_EventCreate.run(TC_EventCreate:22)
	at com.kms.katalon.core.main.ScriptEngine.run(ScriptEngine.java:194)
	at com.kms.katalon.core.main.ScriptEngine.runScriptAsRawText(ScriptEngine.java:119)
	at com.kms.katalon.core.main.TestCaseExecutor.runScript(TestCaseExecutor.java:336)
	at com.kms.katalon.core.main.TestCaseExecutor.doExecute(TestCaseExecutor.java:327)
	at com.kms.katalon.core.main.TestCaseExecutor.processExecutionPhase(TestCaseExecutor.java:306)
	at com.kms.katalon.core.main.TestCaseExecutor.accessMainPhase(TestCaseExecutor.java:298)
	at com.kms.katalon.core.main.TestCaseExecutor.execute(TestCaseExecutor.java:232)
	at com.kms.katalon.core.main.TestSuiteExecutor.accessTestCaseMainPhase(TestSuiteExecutor.java:129)
	at com.kms.katalon.core.main.TestSuiteExecutor.accessTestSuiteMainPhase(TestSuiteExecutor.java:112)
	at com.kms.katalon.core.main.TestSuiteExecutor.execute(TestSuiteExecutor.java:81)
	at com.kms.katalon.core.main.TestCaseMain.startTestSuite(TestCaseMain.java:157)
	at com.kms.katalon.core.main.TestCaseMain$startTestSuite$0.call(Unknown Source)
	at TempTestSuite1566112592040.run(TempTestSuite1566112592040.groovy:35)
Caused by: com.kms.katalon.core.webui.exception.WebElementNotFoundException: Web element with id: 'Object Repository/SAMEventCreate/EventDetails/txtSearchGoogleMap' located by 'By.xpath: //input[@id='SearchGoogleMaps:']' not found
	at com.kms.katalon.core.webui.common.WebUiCommonHelper.findWebElement(WebUiCommonHelper.java:1097)
	at com.kms.katalon.core.webui.keyword.internal.WebUIAbstractKeyword.findWebElement(WebUIAbstractKeyword.groovy:27)
	at com.kms.katalon.core.webui.keyword.internal.WebUIAbstractKeyword.findWebElement(WebUIAbstractKeyword.groovy:26)
	at com.kms.katalon.core.webui.keyword.builtin.SetTextKeyword$_setText_closure1.doCall(SetTextKeyword.groovy:51)
	at com.kms.katalon.core.webui.keyword.builtin.SetTextKeyword$_setText_closure1.call(SetTextKeyword.groovy)
	at com.kms.katalon.core.webui.keyword.internal.WebUIKeywordMain.runKeyword(WebUIKeywordMain.groovy:20)
	at com.kms.katalon.core.webui.keyword.builtin.SetTextKeyword.setText(SetTextKeyword.groovy:66)
	at com.kms.katalon.core.webui.keyword.builtin.SetTextKeyword.execute(SetTextKeyword.groovy:37)
	at com.kms.katalon.core.keyword.internal.KeywordExecutor.executeKeywordForPlatform(KeywordExecutor.groovy:56)
	at com.kms.katalon.core.webui.keyword.WebUiBuiltInKeywords.setText(WebUiBuiltInKeywords.groovy:950)
	at com.kms.katalon.core.webui.keyword.WebUiBuiltInKeywords$setText$3.call(Unknown Source)
	at eventCreate.eventCommon.addEventDetails(eventCommon.groovy:69)
	at eventCreate.eventCommon.invokeMethod(eventCommon.groovy)
	at com.kms.katalon.core.main.CustomKeywordDelegatingMetaClass.invokeStaticMethod(CustomKeywordDelegatingMetaClass.java:49)
	at Script1566026788738.run(Script1566026788738.groovy:22)
	... 13 more]]></system-out>
      <system-err><![CDATA[2019-08-18 12:46:35 - [TEST_SUITE][FAILED] - TS_SAMTestSuite: Test Cases/SAM_TestCase/TC_EventCreate FAILED.
Reason:
com.kms.katalon.core.exception.StepFailedException: Unable to set text '22-Aug-2019 09:37' of object 'Object Repository/SAMEventCreate/EventDetails/txtSearchGoogleMap'
	at com.kms.katalon.core.webui.keyword.internal.WebUIKeywordMain.stepFailed(WebUIKeywordMain.groovy:64)
	at com.kms.katalon.core.webui.keyword.internal.WebUIKeywordMain.runKeyword(WebUIKeywordMain.groovy:26)
	at com.kms.katalon.core.webui.keyword.builtin.SetTextKeyword.setText(SetTextKeyword.groovy:66)
	at com.kms.katalon.core.webui.keyword.builtin.SetTextKeyword.execute(SetTextKeyword.groovy:37)
	at com.kms.katalon.core.keyword.internal.KeywordExecutor.executeKeywordForPlatform(KeywordExecutor.groovy:56)
	at com.kms.katalon.core.webui.keyword.WebUiBuiltInKeywords.setText(WebUiBuiltInKeywords.groovy:950)
	at com.kms.katalon.core.webui.keyword.WebUiBuiltInKeywords$setText$3.call(Unknown Source)
	at eventCreate.eventCommon.addEventDetails(eventCommon.groovy:69)
	at eventCreate.eventCommon.invokeMethod(eventCommon.groovy)
	at com.kms.katalon.core.main.CustomKeywordDelegatingMetaClass.invokeStaticMethod(CustomKeywordDelegatingMetaClass.java:49)
	at TC_EventCreate.run(TC_EventCreate:22)
	at com.kms.katalon.core.main.ScriptEngine.run(ScriptEngine.java:194)
	at com.kms.katalon.core.main.ScriptEngine.runScriptAsRawText(ScriptEngine.java:119)
	at com.kms.katalon.core.main.TestCaseExecutor.runScript(TestCaseExecutor.java:336)
	at com.kms.katalon.core.main.TestCaseExecutor.doExecute(TestCaseExecutor.java:327)
	at com.kms.katalon.core.main.TestCaseExecutor.processExecutionPhase(TestCaseExecutor.java:306)
	at com.kms.katalon.core.main.TestCaseExecutor.accessMainPhase(TestCaseExecutor.java:298)
	at com.kms.katalon.core.main.TestCaseExecutor.execute(TestCaseExecutor.java:232)
	at com.kms.katalon.core.main.TestSuiteExecutor.accessTestCaseMainPhase(TestSuiteExecutor.java:129)
	at com.kms.katalon.core.main.TestSuiteExecutor.accessTestSuiteMainPhase(TestSuiteExecutor.java:112)
	at com.kms.katalon.core.main.TestSuiteExecutor.execute(TestSuiteExecutor.java:81)
	at com.kms.katalon.core.main.TestCaseMain.startTestSuite(TestCaseMain.java:157)
	at com.kms.katalon.core.main.TestCaseMain$startTestSuite$0.call(Unknown Source)
	at TempTestSuite1566112592040.run(TempTestSuite1566112592040.groovy:35)
Caused by: com.kms.katalon.core.webui.exception.WebElementNotFoundException: Web element with id: 'Object Repository/SAMEventCreate/EventDetails/txtSearchGoogleMap' located by 'By.xpath: //input[@id='SearchGoogleMaps:']' not found
	at com.kms.katalon.core.webui.common.WebUiCommonHelper.findWebElement(WebUiCommonHelper.java:1097)
	at com.kms.katalon.core.webui.keyword.internal.WebUIAbstractKeyword.findWebElement(WebUIAbstractKeyword.groovy:27)
	at com.kms.katalon.core.webui.keyword.internal.WebUIAbstractKeyword.findWebElement(WebUIAbstractKeyword.groovy:26)
	at com.kms.katalon.core.webui.keyword.builtin.SetTextKeyword$_setText_closure1.doCall(SetTextKeyword.groovy:51)
	at com.kms.katalon.core.webui.keyword.builtin.SetTextKeyword$_setText_closure1.call(SetTextKeyword.groovy)
	at com.kms.katalon.core.webui.keyword.internal.WebUIKeywordMain.runKeyword(WebUIKeywordMain.groovy:20)
	at com.kms.katalon.core.webui.keyword.builtin.SetTextKeyword.setText(SetTextKeyword.groovy:66)
	at com.kms.katalon.core.webui.keyword.builtin.SetTextKeyword.execute(SetTextKeyword.groovy:37)
	at com.kms.katalon.core.keyword.internal.KeywordExecutor.executeKeywordForPlatform(KeywordExecutor.groovy:56)
	at com.kms.katalon.core.webui.keyword.WebUiBuiltInKeywords.setText(WebUiBuiltInKeywords.groovy:950)
	at com.kms.katalon.core.webui.keyword.WebUiBuiltInKeywords$setText$3.call(Unknown Source)
	at eventCreate.eventCommon.addEventDetails(eventCommon.groovy:69)
	at eventCreate.eventCommon.invokeMethod(eventCommon.groovy)
	at com.kms.katalon.core.main.CustomKeywordDelegatingMetaClass.invokeStaticMethod(CustomKeywordDelegatingMetaClass.java:49)
	at Script1566026788738.run(Script1566026788738.groovy:22)
	... 13 more]]></system-err>
   </testsuite>
</testsuites>
