<?xml version="1.0" encoding="UTF-8"?>
<testsuites name="TS_SAMTestSuite" time="50" tests="0" failures="0" errors="1">
   <testsuite name="TS_SAMTestSuite" tests="0" failures="0" errors="1" time="50" timestamp="2019-08-18 12:33:58" hostname="sony - Liku" id="Test Suites/TS_SAMTestSuite">
      <properties>
         <property name="deviceName" value=""/>
         <property name="devicePlatform" value=""/>
         <property name="logFolder" value="C:\\Users\\sony\\Desktop\\Freelancer\\Katalon Project\\SAM_UIAutomation\\Reports\\TS_SAMTestSuite\\20190818_123354"/>
         <property name="logFiles" value="C:\\Users\\sony\\Desktop\\Freelancer\\Katalon Project\\SAM_UIAutomation\\Reports\\TS_SAMTestSuite\\20190818_123354\\execution0.log"/>
         <property name="attachments" value=""/>
         <property name="hostName" value="sony - Liku"/>
         <property name="os" value="Windows 7 64bit"/>
         <property name="katalonVersion" value="6.1.3.3"/>
         <property name="browser" value="Chrome 75.0.3770.80"/>
         <property name="hostAddress" value="169.254.148.186"/>
         <property name="sessionId" value="30d181cbd7f1f42d94ff4db7d1146776"/>
         <property name="seleniumVersion" value="3.7.1"/>
         <property name="proxyInformation" value="ProxyInformation{proxyOption=NO_PROXY, proxyServerType=HTTP, password=, proxyServerAddress=, proxyServerPort=0}"/>
         <property name="platform" value="Windows 7"/>
      </properties>
      <testcase name="Test Cases/SAM_TestCase/TC_EventCreate" classname="Test Cases/SAM_TestCase/TC_EventCreate" status="ERROR">
         <error type="ERROR" message="Test Cases/SAM_TestCase/TC_EventCreate FAILED.
Reason:
org.codehaus.groovy.runtime.InvokerInvocationException: groovy.lang.MissingMethodException: No signature of method: static com.kms.katalon.core.webui.keyword.WebUiBuiltInKeywords.setText() is applicable for argument types: (null) values: [null]
Possible solutions: getText(com.kms.katalon.core.testobject.TestObject), setText(com.kms.katalon.core.testobject.TestObject, java.lang.String), getText(com.kms.katalon.core.testobject.TestObject, com.kms.katalon.core.model.FailureHandling), setText(com.kms.katalon.core.testobject.TestObject, java.lang.String, com.kms.katalon.core.model.FailureHandling), clearText(com.kms.katalon.core.testobject.TestObject), getAt(java.lang.String)
	at eventCreate.eventCommon.invokeMethod(eventCommon.groovy)
	at com.kms.katalon.core.main.CustomKeywordDelegatingMetaClass.invokeStaticMethod(CustomKeywordDelegatingMetaClass.java:49)
	at TC_EventCreate.run(TC_EventCreate:22)
	at com.kms.katalon.core.main.ScriptEngine.run(ScriptEngine.java:194)
	at com.kms.katalon.core.main.ScriptEngine.runScriptAsRawText(ScriptEngine.java:119)
	at com.kms.katalon.core.main.TestCaseExecutor.runScript(TestCaseExecutor.java:336)
	at com.kms.katalon.core.main.TestCaseExecutor.doExecute(TestCaseExecutor.java:327)
	at com.kms.katalon.core.main.TestCaseExecutor.processExecutionPhase(TestCaseExecutor.java:306)
	at com.kms.katalon.core.main.TestCaseExecutor.accessMainPhase(TestCaseExecutor.java:298)
	at com.kms.katalon.core.main.TestCaseExecutor.execute(TestCaseExecutor.java:232)
	at com.kms.katalon.core.main.TestSuiteExecutor.accessTestCaseMainPhase(TestSuiteExecutor.java:129)
	at com.kms.katalon.core.main.TestSuiteExecutor.accessTestSuiteMainPhase(TestSuiteExecutor.java:112)
	at com.kms.katalon.core.main.TestSuiteExecutor.execute(TestSuiteExecutor.java:81)
	at com.kms.katalon.core.main.TestCaseMain.startTestSuite(TestCaseMain.java:157)
	at com.kms.katalon.core.main.TestCaseMain$startTestSuite$0.call(Unknown Source)
	at TempTestSuite1566111834865.run(TempTestSuite1566111834865.groovy:35)
Caused by: groovy.lang.MissingMethodException: No signature of method: static com.kms.katalon.core.webui.keyword.WebUiBuiltInKeywords.setText() is applicable for argument types: (null) values: [null]
Possible solutions: getText(com.kms.katalon.core.testobject.TestObject), setText(com.kms.katalon.core.testobject.TestObject, java.lang.String), getText(com.kms.katalon.core.testobject.TestObject, com.kms.katalon.core.model.FailureHandling), setText(com.kms.katalon.core.testobject.TestObject, java.lang.String, com.kms.katalon.core.model.FailureHandling), clearText(com.kms.katalon.core.testobject.TestObject), getAt(java.lang.String)
	at eventCreate.eventCommon.addEventDetails(eventCommon.groovy:52)
	at eventCreate.eventCommon.invokeMethod(eventCommon.groovy)
	at com.kms.katalon.core.main.CustomKeywordDelegatingMetaClass.invokeStaticMethod(CustomKeywordDelegatingMetaClass.java:49)
	at Script1566026788738.run(Script1566026788738.groovy:22)
	... 13 more
"/>
         <system-out><![CDATA[2019-08-18 12:33:58 - [TEST_CASE][ERROR] - Test Cases/SAM_TestCase/TC_EventCreate: Test Cases/SAM_TestCase/TC_EventCreate FAILED.
Reason:
org.codehaus.groovy.runtime.InvokerInvocationException: groovy.lang.MissingMethodException: No signature of method: static com.kms.katalon.core.webui.keyword.WebUiBuiltInKeywords.setText() is applicable for argument types: (null) values: [null]
Possible solutions: getText(com.kms.katalon.core.testobject.TestObject), setText(com.kms.katalon.core.testobject.TestObject, java.lang.String), getText(com.kms.katalon.core.testobject.TestObject, com.kms.katalon.core.model.FailureHandling), setText(com.kms.katalon.core.testobject.TestObject, java.lang.String, com.kms.katalon.core.model.FailureHandling), clearText(com.kms.katalon.core.testobject.TestObject), getAt(java.lang.String)
	at eventCreate.eventCommon.invokeMethod(eventCommon.groovy)
	at com.kms.katalon.core.main.CustomKeywordDelegatingMetaClass.invokeStaticMethod(CustomKeywordDelegatingMetaClass.java:49)
	at TC_EventCreate.run(TC_EventCreate:22)
	at com.kms.katalon.core.main.ScriptEngine.run(ScriptEngine.java:194)
	at com.kms.katalon.core.main.ScriptEngine.runScriptAsRawText(ScriptEngine.java:119)
	at com.kms.katalon.core.main.TestCaseExecutor.runScript(TestCaseExecutor.java:336)
	at com.kms.katalon.core.main.TestCaseExecutor.doExecute(TestCaseExecutor.java:327)
	at com.kms.katalon.core.main.TestCaseExecutor.processExecutionPhase(TestCaseExecutor.java:306)
	at com.kms.katalon.core.main.TestCaseExecutor.accessMainPhase(TestCaseExecutor.java:298)
	at com.kms.katalon.core.main.TestCaseExecutor.execute(TestCaseExecutor.java:232)
	at com.kms.katalon.core.main.TestSuiteExecutor.accessTestCaseMainPhase(TestSuiteExecutor.java:129)
	at com.kms.katalon.core.main.TestSuiteExecutor.accessTestSuiteMainPhase(TestSuiteExecutor.java:112)
	at com.kms.katalon.core.main.TestSuiteExecutor.execute(TestSuiteExecutor.java:81)
	at com.kms.katalon.core.main.TestCaseMain.startTestSuite(TestCaseMain.java:157)
	at com.kms.katalon.core.main.TestCaseMain$startTestSuite$0.call(Unknown Source)
	at TempTestSuite1566111834865.run(TempTestSuite1566111834865.groovy:35)
Caused by: groovy.lang.MissingMethodException: No signature of method: static com.kms.katalon.core.webui.keyword.WebUiBuiltInKeywords.setText() is applicable for argument types: (null) values: [null]
Possible solutions: getText(com.kms.katalon.core.testobject.TestObject), setText(com.kms.katalon.core.testobject.TestObject, java.lang.String), getText(com.kms.katalon.core.testobject.TestObject, com.kms.katalon.core.model.FailureHandling), setText(com.kms.katalon.core.testobject.TestObject, java.lang.String, com.kms.katalon.core.model.FailureHandling), clearText(com.kms.katalon.core.testobject.TestObject), getAt(java.lang.String)
	at eventCreate.eventCommon.addEventDetails(eventCommon.groovy:52)
	at eventCreate.eventCommon.invokeMethod(eventCommon.groovy)
	at com.kms.katalon.core.main.CustomKeywordDelegatingMetaClass.invokeStaticMethod(CustomKeywordDelegatingMetaClass.java:49)
	at Script1566026788738.run(Script1566026788738.groovy:22)
	... 13 more


2019-08-18 12:34:00 - [TEST_STEP][PASSED] - common.CommonLibrary.navigateToURL(): common.CommonLibrary.navigateToURL is PASSED

2019-08-18 12:34:02 - [MESSAGE][INFO] - Starting 'Chrome' driver

2019-08-18 12:34:02 - [MESSAGE][INFO] - Action delay is set to 0 seconds

2019-08-18 12:34:12 - [MESSAGE][PASSED] - Browser is opened with url: 'https://test-sam.interact.technology/app/login'

2019-08-18 12:34:13 - [MESSAGE][PASSED] - Current window maximized

2019-08-18 12:34:18 - [MESSAGE][PASSED] - Delayed 5 second(s)

2019-08-18 12:34:18 - [MESSAGE][PASSED] - common.CommonLibrary.navigateToURL is PASSED

2019-08-18 12:34:18 - [TEST_STEP][PASSED] - common.CommonLibrary.loginSAM(Email, Password): common.CommonLibrary.loginSAM is PASSED

2019-08-18 12:34:18 - [MESSAGE][PASSED] - Object 'Object Repository/SAM_Login/btnCookies' is present

2019-08-18 12:34:19 - [MESSAGE][PASSED] - Object: 'Object Repository/SAM_Login/btnCookies' is clicked on

2019-08-18 12:34:19 - [MESSAGE][PASSED] - Text 'roopa@interact.technology' is set on object 'Object Repository/SAM_Login/txtUserName'

2019-08-18 12:34:19 - [MESSAGE][PASSED] - Object: 'Object Repository/SAM_Login/btnNext' is clicked on

2019-08-18 12:34:20 - [MESSAGE][PASSED] - Text 'Password1' is set on object 'Object Repository/SAM_Login/txtPassword'

2019-08-18 12:34:20 - [MESSAGE][PASSED] - Object: 'Object Repository/SAM_Login/btnLogin' is clicked on

2019-08-18 12:34:23 - [MESSAGE][PASSED] - Delayed 3 second(s)

2019-08-18 12:34:23 - [MESSAGE][PASSED] - common.CommonLibrary.loginSAM is PASSED

2019-08-18 12:34:23 - [TEST_STEP][PASSED] - eventCreate.eventCommon.selectCompany(Company): eventCreate.eventCommon.selectCompany is PASSED

2019-08-18 12:34:28 - [MESSAGE][PASSED] - Delayed 5 second(s)

2019-08-18 12:34:28 - [MESSAGE][PASSED] - Object: 'Object Repository/SAMEventCreate/SuperUserCompany/linkSuperUser' is clicked on

2019-08-18 12:34:29 - [MESSAGE][PASSED] - Text 'Archanas' is set on object 'Object Repository/SAMEventCreate/SuperUserCompany/txtSearchCompany'

2019-08-18 12:34:30 - [MESSAGE][PASSED] - Delayed 1 second(s)

2019-08-18 12:34:30 - [MESSAGE][PASSED] - Keys 'ENTER + ' sent to object: 'Object Repository/SAMEventCreate/SuperUserCompany/txtSearchCompany'

2019-08-18 12:34:31 - [MESSAGE][PASSED] - Delayed 1 second(s)

2019-08-18 12:34:31 - [MESSAGE][PASSED] - Object: 'Object Repository/SAMEventCreate/SuperUserCompany/btnCompanyRow' is clicked on

2019-08-18 12:34:33 - [MESSAGE][PASSED] - Delayed 2 second(s)

2019-08-18 12:34:33 - [MESSAGE][PASSED] - Object: 'Object Repository/SAMEventCreate/SuperUserCompany/btnMyInteract' is clicked on

2019-08-18 12:34:36 - [MESSAGE][PASSED] - Delayed 3 second(s)

2019-08-18 12:34:36 - [MESSAGE][PASSED] - Object: 'Object Repository/SAMEventCreate/SuperUserCompany/btnMyEvent' is clicked on

2019-08-18 12:34:38 - [MESSAGE][PASSED] - Delayed 2 second(s)

2019-08-18 12:34:38 - [MESSAGE][PASSED] - Object: 'Object Repository/SAMEventCreate/SuperUserCompany/btnAddEvent' is clicked on

2019-08-18 12:34:40 - [MESSAGE][PASSED] - Delayed 2 second(s)

2019-08-18 12:34:40 - [MESSAGE][PASSED] - Object: 'Object Repository/SAMEventCreate/SuperUserCompany/btnEventDetailsTab' is clicked on

2019-08-18 12:34:40 - [MESSAGE][PASSED] - eventCreate.eventCommon.selectCompany is PASSED

2019-08-18 12:34:40 - [TEST_STEP][ERROR] - eventCreate.eventCommon.addEventDetails(EventName, EventType, EventDetails, Address, StartDate, EndDate, Timezone): groovy.lang.MissingMethodException: No signature of method: static com.kms.katalon.core.webui.keyword.WebUiBuiltInKeywords.setText() is applicable for argument types: (null) values: [null]
Possible solutions: getText(com.kms.katalon.core.testobject.TestObject), setText(com.kms.katalon.core.testobject.TestObject, java.lang.String), getText(com.kms.katalon.core.testobject.TestObject, com.kms.katalon.core.model.FailureHandling), setText(com.kms.katalon.core.testobject.TestObject, java.lang.String, com.kms.katalon.core.model.FailureHandling), clearText(com.kms.katalon.core.testobject.TestObject), getAt(java.lang.String)

2019-08-18 12:34:43 - [MESSAGE][PASSED] - Delayed 3 second(s)

2019-08-18 12:34:44 - [MESSAGE][PASSED] - Text 'Test Event' is set on object 'Object Repository/SAMEventCreate/EventDetails/txtEventName'

2019-08-18 12:34:45 - [MESSAGE][PASSED] - Delayed 1 second(s)

2019-08-18 12:34:45 - [MESSAGE][PASSED] - Object: 'Object Repository/SAMEventCreate/EventDetails/btnEventType' is clicked on

2019-08-18 12:34:47 - [MESSAGE][PASSED] - Delayed 2 second(s)

2019-08-18 12:34:47 - [MESSAGE][PASSED] - Object: 'Object Repository/SAMEventCreate/EventDetails/selectEventType' is clicked on

2019-08-18 12:34:48 - [MESSAGE][PASSED] - Delayed 1 second(s)

2019-08-18 12:34:48 - [MESSAGE][WARNING] - Test object with id 'Object Repository/SAMEventCreate/EventDetails/btnEventDetails' does not exist

2019-08-18 12:34:48 - [MESSAGE][ERROR] - groovy.lang.MissingMethodException: No signature of method: static com.kms.katalon.core.webui.keyword.WebUiBuiltInKeywords.setText() is applicable for argument types: (null) values: [null]
Possible solutions: getText(com.kms.katalon.core.testobject.TestObject), setText(com.kms.katalon.core.testobject.TestObject, java.lang.String), getText(com.kms.katalon.core.testobject.TestObject, com.kms.katalon.core.model.FailureHandling), setText(com.kms.katalon.core.testobject.TestObject, java.lang.String, com.kms.katalon.core.model.FailureHandling), clearText(com.kms.katalon.core.testobject.TestObject), getAt(java.lang.String)]]></system-out>
         <system-err><![CDATA[2019-08-18 12:33:58 - [TEST_CASE][ERROR] - Test Cases/SAM_TestCase/TC_EventCreate: Test Cases/SAM_TestCase/TC_EventCreate FAILED.
Reason:
org.codehaus.groovy.runtime.InvokerInvocationException: groovy.lang.MissingMethodException: No signature of method: static com.kms.katalon.core.webui.keyword.WebUiBuiltInKeywords.setText() is applicable for argument types: (null) values: [null]
Possible solutions: getText(com.kms.katalon.core.testobject.TestObject), setText(com.kms.katalon.core.testobject.TestObject, java.lang.String), getText(com.kms.katalon.core.testobject.TestObject, com.kms.katalon.core.model.FailureHandling), setText(com.kms.katalon.core.testobject.TestObject, java.lang.String, com.kms.katalon.core.model.FailureHandling), clearText(com.kms.katalon.core.testobject.TestObject), getAt(java.lang.String)
	at eventCreate.eventCommon.invokeMethod(eventCommon.groovy)
	at com.kms.katalon.core.main.CustomKeywordDelegatingMetaClass.invokeStaticMethod(CustomKeywordDelegatingMetaClass.java:49)
	at TC_EventCreate.run(TC_EventCreate:22)
	at com.kms.katalon.core.main.ScriptEngine.run(ScriptEngine.java:194)
	at com.kms.katalon.core.main.ScriptEngine.runScriptAsRawText(ScriptEngine.java:119)
	at com.kms.katalon.core.main.TestCaseExecutor.runScript(TestCaseExecutor.java:336)
	at com.kms.katalon.core.main.TestCaseExecutor.doExecute(TestCaseExecutor.java:327)
	at com.kms.katalon.core.main.TestCaseExecutor.processExecutionPhase(TestCaseExecutor.java:306)
	at com.kms.katalon.core.main.TestCaseExecutor.accessMainPhase(TestCaseExecutor.java:298)
	at com.kms.katalon.core.main.TestCaseExecutor.execute(TestCaseExecutor.java:232)
	at com.kms.katalon.core.main.TestSuiteExecutor.accessTestCaseMainPhase(TestSuiteExecutor.java:129)
	at com.kms.katalon.core.main.TestSuiteExecutor.accessTestSuiteMainPhase(TestSuiteExecutor.java:112)
	at com.kms.katalon.core.main.TestSuiteExecutor.execute(TestSuiteExecutor.java:81)
	at com.kms.katalon.core.main.TestCaseMain.startTestSuite(TestCaseMain.java:157)
	at com.kms.katalon.core.main.TestCaseMain$startTestSuite$0.call(Unknown Source)
	at TempTestSuite1566111834865.run(TempTestSuite1566111834865.groovy:35)
Caused by: groovy.lang.MissingMethodException: No signature of method: static com.kms.katalon.core.webui.keyword.WebUiBuiltInKeywords.setText() is applicable for argument types: (null) values: [null]
Possible solutions: getText(com.kms.katalon.core.testobject.TestObject), setText(com.kms.katalon.core.testobject.TestObject, java.lang.String), getText(com.kms.katalon.core.testobject.TestObject, com.kms.katalon.core.model.FailureHandling), setText(com.kms.katalon.core.testobject.TestObject, java.lang.String, com.kms.katalon.core.model.FailureHandling), clearText(com.kms.katalon.core.testobject.TestObject), getAt(java.lang.String)
	at eventCreate.eventCommon.addEventDetails(eventCommon.groovy:52)
	at eventCreate.eventCommon.invokeMethod(eventCommon.groovy)
	at com.kms.katalon.core.main.CustomKeywordDelegatingMetaClass.invokeStaticMethod(CustomKeywordDelegatingMetaClass.java:49)
	at Script1566026788738.run(Script1566026788738.groovy:22)
	... 13 more]]></system-err>
      </testcase>
      <system-out><![CDATA[2019-08-18 12:33:58 - [TEST_SUITE][ERROR] - TS_SAMTestSuite: Test Cases/SAM_TestCase/TC_EventCreate FAILED.
Reason:
org.codehaus.groovy.runtime.InvokerInvocationException: groovy.lang.MissingMethodException: No signature of method: static com.kms.katalon.core.webui.keyword.WebUiBuiltInKeywords.setText() is applicable for argument types: (null) values: [null]
Possible solutions: getText(com.kms.katalon.core.testobject.TestObject), setText(com.kms.katalon.core.testobject.TestObject, java.lang.String), getText(com.kms.katalon.core.testobject.TestObject, com.kms.katalon.core.model.FailureHandling), setText(com.kms.katalon.core.testobject.TestObject, java.lang.String, com.kms.katalon.core.model.FailureHandling), clearText(com.kms.katalon.core.testobject.TestObject), getAt(java.lang.String)
	at eventCreate.eventCommon.invokeMethod(eventCommon.groovy)
	at com.kms.katalon.core.main.CustomKeywordDelegatingMetaClass.invokeStaticMethod(CustomKeywordDelegatingMetaClass.java:49)
	at TC_EventCreate.run(TC_EventCreate:22)
	at com.kms.katalon.core.main.ScriptEngine.run(ScriptEngine.java:194)
	at com.kms.katalon.core.main.ScriptEngine.runScriptAsRawText(ScriptEngine.java:119)
	at com.kms.katalon.core.main.TestCaseExecutor.runScript(TestCaseExecutor.java:336)
	at com.kms.katalon.core.main.TestCaseExecutor.doExecute(TestCaseExecutor.java:327)
	at com.kms.katalon.core.main.TestCaseExecutor.processExecutionPhase(TestCaseExecutor.java:306)
	at com.kms.katalon.core.main.TestCaseExecutor.accessMainPhase(TestCaseExecutor.java:298)
	at com.kms.katalon.core.main.TestCaseExecutor.execute(TestCaseExecutor.java:232)
	at com.kms.katalon.core.main.TestSuiteExecutor.accessTestCaseMainPhase(TestSuiteExecutor.java:129)
	at com.kms.katalon.core.main.TestSuiteExecutor.accessTestSuiteMainPhase(TestSuiteExecutor.java:112)
	at com.kms.katalon.core.main.TestSuiteExecutor.execute(TestSuiteExecutor.java:81)
	at com.kms.katalon.core.main.TestCaseMain.startTestSuite(TestCaseMain.java:157)
	at com.kms.katalon.core.main.TestCaseMain$startTestSuite$0.call(Unknown Source)
	at TempTestSuite1566111834865.run(TempTestSuite1566111834865.groovy:35)
Caused by: groovy.lang.MissingMethodException: No signature of method: static com.kms.katalon.core.webui.keyword.WebUiBuiltInKeywords.setText() is applicable for argument types: (null) values: [null]
Possible solutions: getText(com.kms.katalon.core.testobject.TestObject), setText(com.kms.katalon.core.testobject.TestObject, java.lang.String), getText(com.kms.katalon.core.testobject.TestObject, com.kms.katalon.core.model.FailureHandling), setText(com.kms.katalon.core.testobject.TestObject, java.lang.String, com.kms.katalon.core.model.FailureHandling), clearText(com.kms.katalon.core.testobject.TestObject), getAt(java.lang.String)
	at eventCreate.eventCommon.addEventDetails(eventCommon.groovy:52)
	at eventCreate.eventCommon.invokeMethod(eventCommon.groovy)
	at com.kms.katalon.core.main.CustomKeywordDelegatingMetaClass.invokeStaticMethod(CustomKeywordDelegatingMetaClass.java:49)
	at Script1566026788738.run(Script1566026788738.groovy:22)
	... 13 more]]></system-out>
      <system-err><![CDATA[2019-08-18 12:33:58 - [TEST_SUITE][ERROR] - TS_SAMTestSuite: Test Cases/SAM_TestCase/TC_EventCreate FAILED.
Reason:
org.codehaus.groovy.runtime.InvokerInvocationException: groovy.lang.MissingMethodException: No signature of method: static com.kms.katalon.core.webui.keyword.WebUiBuiltInKeywords.setText() is applicable for argument types: (null) values: [null]
Possible solutions: getText(com.kms.katalon.core.testobject.TestObject), setText(com.kms.katalon.core.testobject.TestObject, java.lang.String), getText(com.kms.katalon.core.testobject.TestObject, com.kms.katalon.core.model.FailureHandling), setText(com.kms.katalon.core.testobject.TestObject, java.lang.String, com.kms.katalon.core.model.FailureHandling), clearText(com.kms.katalon.core.testobject.TestObject), getAt(java.lang.String)
	at eventCreate.eventCommon.invokeMethod(eventCommon.groovy)
	at com.kms.katalon.core.main.CustomKeywordDelegatingMetaClass.invokeStaticMethod(CustomKeywordDelegatingMetaClass.java:49)
	at TC_EventCreate.run(TC_EventCreate:22)
	at com.kms.katalon.core.main.ScriptEngine.run(ScriptEngine.java:194)
	at com.kms.katalon.core.main.ScriptEngine.runScriptAsRawText(ScriptEngine.java:119)
	at com.kms.katalon.core.main.TestCaseExecutor.runScript(TestCaseExecutor.java:336)
	at com.kms.katalon.core.main.TestCaseExecutor.doExecute(TestCaseExecutor.java:327)
	at com.kms.katalon.core.main.TestCaseExecutor.processExecutionPhase(TestCaseExecutor.java:306)
	at com.kms.katalon.core.main.TestCaseExecutor.accessMainPhase(TestCaseExecutor.java:298)
	at com.kms.katalon.core.main.TestCaseExecutor.execute(TestCaseExecutor.java:232)
	at com.kms.katalon.core.main.TestSuiteExecutor.accessTestCaseMainPhase(TestSuiteExecutor.java:129)
	at com.kms.katalon.core.main.TestSuiteExecutor.accessTestSuiteMainPhase(TestSuiteExecutor.java:112)
	at com.kms.katalon.core.main.TestSuiteExecutor.execute(TestSuiteExecutor.java:81)
	at com.kms.katalon.core.main.TestCaseMain.startTestSuite(TestCaseMain.java:157)
	at com.kms.katalon.core.main.TestCaseMain$startTestSuite$0.call(Unknown Source)
	at TempTestSuite1566111834865.run(TempTestSuite1566111834865.groovy:35)
Caused by: groovy.lang.MissingMethodException: No signature of method: static com.kms.katalon.core.webui.keyword.WebUiBuiltInKeywords.setText() is applicable for argument types: (null) values: [null]
Possible solutions: getText(com.kms.katalon.core.testobject.TestObject), setText(com.kms.katalon.core.testobject.TestObject, java.lang.String), getText(com.kms.katalon.core.testobject.TestObject, com.kms.katalon.core.model.FailureHandling), setText(com.kms.katalon.core.testobject.TestObject, java.lang.String, com.kms.katalon.core.model.FailureHandling), clearText(com.kms.katalon.core.testobject.TestObject), getAt(java.lang.String)
	at eventCreate.eventCommon.addEventDetails(eventCommon.groovy:52)
	at eventCreate.eventCommon.invokeMethod(eventCommon.groovy)
	at com.kms.katalon.core.main.CustomKeywordDelegatingMetaClass.invokeStaticMethod(CustomKeywordDelegatingMetaClass.java:49)
	at Script1566026788738.run(Script1566026788738.groovy:22)
	... 13 more]]></system-err>
   </testsuite>
</testsuites>
